Mon Dec 15 00:59:27 2008 :: Reading Area Files...
Mon Dec 15 00:59:27 2008 :: Loading web data.
Mon Dec 15 00:59:27 2008 :: Loading Building Table....
Mon Dec 15 00:59:27 2008 :: Loading ../data/building_table.txt

Mon Dec 15 00:59:27 2008 :: Buildings: 138
Mon Dec 15 00:59:27 2008 :: Loading Wilderness....
Mon Dec 15 00:59:27 2008 :: Loading ../data/map.txt

Mon Dec 15 00:59:27 2008 :: Creating Special Maps....
Mon Dec 15 00:59:27 2008 :: Loading Buildings....
Mon Dec 15 00:59:27 2008 :: Loading ../data/buildings.txt

Mon Dec 15 00:59:27 2008 :: Loading Objects....
Mon Dec 15 00:59:27 2008 :: Loading ../data/objects.lst

Mon Dec 15 00:59:27 2008 :: Loading High Scores....
Mon Dec 15 00:59:27 2008 :: Loading ../data/scores.txt

Mon Dec 15 00:59:27 2008 :: Loading ../data/ranks.txt

Mon Dec 15 00:59:27 2008 :: Loading alliances....
Mon Dec 15 00:59:27 2008 :: Loading ../data/alliances.txt

Mon Dec 15 00:59:27 2008 :: Loading changes.
Mon Dec 15 00:59:27 2008 :: Loading logs.
Mon Dec 15 00:59:27 2008 :: Creating item load list....
Mon Dec 15 00:59:27 2008 :: Loading Disabled Commands...
Mon Dec 15 00:59:27 2008 :: Loading Multiplay list....
Mon Dec 15 00:59:27 2008 :: Loading ../data/multiplay.txt

Mon Dec 15 00:59:27 2008 :: Loading quotes.
Mon Dec 15 00:59:27 2008 :: Loading ../data/quotes.txt

Mon Dec 15 00:59:27 2008 :: Loading banned sites.
Mon Dec 15 00:59:27 2008 :: Loading ../data/bans.lst

Mon Dec 15 00:59:27 2008 :: Done Loading ../data/bans.lst
Mon Dec 15 00:59:27 2008 :: Loading Relevel Info.
Mon Dec 15 00:59:27 2008 :: Loading imm brands.
Mon Dec 15 00:59:27 2008 :: Loading System Data.
Mon Dec 15 00:59:27 2008 :: Loading vehicles...
Mon Dec 15 00:59:27 2008 :: Loading ../data/vehicles.txt

Mon Dec 15 00:59:27 2008 :: ACK! MUD is ready on port 6660.
Used 1 user CPU seconds.
Mon Dec 15 00:59:32 2008 :: Sock.sinaddr:  192.168.1.1 (4085)
Mon Dec 15 00:59:35 2008 :: Site Name: 192.168.1.1.
Mon Dec 15 00:59:35 2008 :: Demortes connected from 192.168.1.1 ( last login was from 67.61.29.31 ) !
Mon Dec 15 00:59:35 2008 :: Demortes logged on from IP 192.168.1.1
Mon Dec 15 01:04:11 2008 :: EOF encountered on read.
Mon Dec 15 01:04:11 2008 :: Closing link to Demortes.
Mon Dec 15 20:41:25 2008 :: Sock.sinaddr:  70.110.176.107 (50226)
Mon Dec 15 20:41:29 2008 :: Site Name: 70.110.176.107.
Mon Dec 15 20:41:29 2008 :: Grave logged on from IP 70.110.176.107
Mon Dec 15 20:41:48 2008 :: Log Grave: oload board
Mon Dec 15 22:46:28 2008 :: Grave has left Assault: High Tech War!
Tue Dec 16 23:44:40 2008 :: Sock.sinaddr:  192.168.1.1 (3835)
Tue Dec 16 23:44:44 2008 :: Demortes@192.168.1.1 reconnected.
Tue Dec 16 23:53:26 2008 :: Sock.sinaddr:  74.34.11.180 (60105)
Tue Dec 16 23:54:12 2008 :: Closing link to Trelane.
Tue Dec 16 23:56:17 2008 :: Sock.sinaddr:  74.34.11.180 (60371)
Tue Dec 16 23:56:37 2008 :: Site Name: 74.34.11.180.
Tue Dec 16 23:56:37 2008 :: Trelane logged on from IP 74.34.11.180
Wed Dec 17 00:01:27 2008 :: Log Demortes: copyover
Wed Dec 17 00:01:28 2008 :: Reading Area Files...
Wed Dec 17 00:01:28 2008 :: Loading web data.
Wed Dec 17 00:01:28 2008 :: Loading Building Table....
Wed Dec 17 00:01:28 2008 :: Loading ../data/building_table.txt

Wed Dec 17 00:01:28 2008 :: Buildings: 138
Wed Dec 17 00:01:28 2008 :: Loading Wilderness....
Wed Dec 17 00:01:28 2008 :: Loading ../data/map.txt

Wed Dec 17 00:01:28 2008 :: Creating Special Maps....
Wed Dec 17 00:01:28 2008 :: Loading Buildings....
Wed Dec 17 00:01:28 2008 :: Loading ../data/buildings.txt

Wed Dec 17 00:01:28 2008 :: Loading Objects....
Wed Dec 17 00:01:28 2008 :: Loading ../data/objects.lst

Wed Dec 17 00:01:28 2008 :: Loading High Scores....
Wed Dec 17 00:01:28 2008 :: Loading ../data/scores.txt

Wed Dec 17 00:01:28 2008 :: Loading ../data/ranks.txt

Wed Dec 17 00:01:28 2008 :: Loading alliances....
Wed Dec 17 00:01:28 2008 :: Loading ../data/alliances.txt

Wed Dec 17 00:01:28 2008 :: Loading changes.
Wed Dec 17 00:01:28 2008 :: Loading logs.
Wed Dec 17 00:01:28 2008 :: Creating item load list....
Wed Dec 17 00:01:28 2008 :: Loading Disabled Commands...
Wed Dec 17 00:01:28 2008 :: Loading Multiplay list....
Wed Dec 17 00:01:28 2008 :: Loading ../data/multiplay.txt

Wed Dec 17 00:01:28 2008 :: Loading quotes.
Wed Dec 17 00:01:28 2008 :: Loading ../data/quotes.txt

Wed Dec 17 00:01:28 2008 :: Loading banned sites.
Wed Dec 17 00:01:28 2008 :: Loading ../data/bans.lst

Wed Dec 17 00:01:28 2008 :: Done Loading ../data/bans.lst
Wed Dec 17 00:01:28 2008 :: Loading Relevel Info.
Wed Dec 17 00:01:28 2008 :: Loading imm brands.
Wed Dec 17 00:01:28 2008 :: Loading System Data.
Wed Dec 17 00:01:28 2008 :: Copyover recovery initiated
Wed Dec 17 00:01:28 2008 :: Loading ../data/vehicles.txt

Wed Dec 17 00:01:28 2008 :: ACK! MUD is ready on port 6660.
Used 1622 user CPU seconds.
Wed Dec 17 00:02:26 2008 :: Log Demortes: shutdown
Wed Dec 17 00:02:26 2008 :: Normal termination of game.
startup: shutting down
