Wed Dec 17 00:02:53 2008 :: Reading Area Files...
Wed Dec 17 00:02:53 2008 :: Loading web data.
Wed Dec 17 00:02:53 2008 :: Loading Building Table....
Wed Dec 17 00:02:53 2008 :: Loading ../data/building_table.txt

Wed Dec 17 00:02:53 2008 :: Buildings: 138
Wed Dec 17 00:02:53 2008 :: Loading Wilderness....
Wed Dec 17 00:02:53 2008 :: Loading ../data/map.txt

Wed Dec 17 00:02:53 2008 :: Creating Special Maps....
Wed Dec 17 00:02:53 2008 :: Loading Buildings....
Wed Dec 17 00:02:53 2008 :: Loading ../data/buildings.txt

Wed Dec 17 00:02:53 2008 :: Loading Objects....
Wed Dec 17 00:02:53 2008 :: Loading ../data/objects.lst

Wed Dec 17 00:02:53 2008 :: Loading High Scores....
Wed Dec 17 00:02:53 2008 :: Loading ../data/scores.txt

Wed Dec 17 00:02:53 2008 :: Loading ../data/ranks.txt

Wed Dec 17 00:02:53 2008 :: Loading alliances....
Wed Dec 17 00:02:53 2008 :: Loading ../data/alliances.txt

Wed Dec 17 00:02:53 2008 :: Loading changes.
Wed Dec 17 00:02:53 2008 :: Loading logs.
Wed Dec 17 00:02:53 2008 :: Creating item load list....
Wed Dec 17 00:02:53 2008 :: Loading Disabled Commands...
Wed Dec 17 00:02:53 2008 :: Loading Multiplay list....
Wed Dec 17 00:02:53 2008 :: Loading ../data/multiplay.txt

Wed Dec 17 00:02:53 2008 :: Loading quotes.
Wed Dec 17 00:02:53 2008 :: Loading ../data/quotes.txt

Wed Dec 17 00:02:53 2008 :: Loading banned sites.
Wed Dec 17 00:02:53 2008 :: Loading ../data/bans.lst

Wed Dec 17 00:02:53 2008 :: Done Loading ../data/bans.lst
Wed Dec 17 00:02:53 2008 :: Loading Relevel Info.
Wed Dec 17 00:02:53 2008 :: Loading imm brands.
Wed Dec 17 00:02:53 2008 :: Loading System Data.
Wed Dec 17 00:02:53 2008 :: Loading vehicles...
Wed Dec 17 00:02:53 2008 :: Loading ../data/vehicles.txt

Wed Dec 17 00:02:53 2008 :: ACK! MUD is ready on port 6660.
Used 0 user CPU seconds.
Wed Dec 17 00:02:54 2008 :: Loading ../data/objects.bak

Wed Dec 17 00:02:54 2008 :: [*****] FILE: ../data/objects.bak LINE: 7513
Wed Dec 17 00:02:54 2008 :: [*****] BUG: SSM: The shared string heap is full!
Wed Dec 17 00:02:54 2008 :: SSM: Attempting to optimize shared string heap.
Wed Dec 17 00:02:54 2008 :: SSM: defrag_heap: made 1 block merges.
Wed Dec 17 00:03:11 2008 :: Sock.sinaddr:  192.168.1.1 (3941)
Wed Dec 17 00:03:14 2008 :: Site Name: 192.168.1.1.
Wed Dec 17 00:03:14 2008 :: Demortes logged on from IP 192.168.1.1
Wed Dec 17 00:07:31 2008 :: Sock.sinaddr:  71.218.39.55 (2099)
Wed Dec 17 00:08:35 2008 :: Log Demortes: oload board
Wed Dec 17 00:08:38 2008 :: SSM: Attempting to optimize shared string heap.
Wed Dec 17 00:08:38 2008 :: SSM: defrag_heap: made 31305 block merges.
Wed Dec 17 00:11:41 2008 :: Fydan connected from 71.218.39.55 ( last login was from Unknown! ) !
Wed Dec 17 00:11:41 2008 :: Fydan logged on from IP 71.218.39.55
Wed Dec 17 00:13:10 2008 :: Demortes has left Assault: High Tech War!
Wed Dec 17 00:19:00 2008 :: Fydan has left Assault: High Tech War!
Wed Dec 17 00:34:25 2008 :: Loading ../data/objects.bak

Wed Dec 17 00:34:25 2008 :: SSM: Attempting to optimize shared string heap.
Wed Dec 17 00:34:25 2008 :: SSM: defrag_heap: made 200 block merges.
Wed Dec 17 01:05:43 2008 :: Loading ../data/objects.bak

Wed Dec 17 01:05:43 2008 :: SSM: Attempting to optimize shared string heap.
Wed Dec 17 01:05:43 2008 :: SSM: defrag_heap: made 15271 block merges.
Wed Dec 17 01:37:07 2008 :: Loading ../data/objects.bak

Wed Dec 17 01:37:07 2008 :: SSM: Attempting to optimize shared string heap.
Wed Dec 17 01:37:07 2008 :: SSM: defrag_heap: made 6939 block merges.
Wed Dec 17 02:08:32 2008 :: Loading ../data/objects.bak

Wed Dec 17 02:08:32 2008 :: SSM: Attempting to optimize shared string heap.
Wed Dec 17 02:08:32 2008 :: SSM: defrag_heap: made 2964 block merges.
Wed Dec 17 02:39:57 2008 :: Loading ../data/objects.bak

Wed Dec 17 02:39:57 2008 :: SSM: Attempting to optimize shared string heap.
Wed Dec 17 02:39:57 2008 :: SSM: defrag_heap: made 928 block merges.
Wed Dec 17 03:11:23 2008 :: Loading ../data/objects.bak

Wed Dec 17 03:11:23 2008 :: SSM: Attempting to optimize shared string heap.
Wed Dec 17 03:11:23 2008 :: SSM: defrag_heap: made 42 block merges.
Wed Dec 17 03:42:54 2008 :: Loading ../data/objects.bak

Wed Dec 17 03:42:54 2008 :: SSM: Attempting to optimize shared string heap.
Wed Dec 17 03:42:54 2008 :: SSM: defrag_heap: made 15 block merges.
Wed Dec 17 04:14:28 2008 :: Loading ../data/objects.bak

Wed Dec 17 04:14:28 2008 :: SSM: Attempting to optimize shared string heap.
Wed Dec 17 04:14:28 2008 :: SSM: defrag_heap: made 5 block merges.
Wed Dec 17 04:45:59 2008 :: Loading ../data/objects.bak

Wed Dec 17 04:45:59 2008 :: SSM: Attempting to optimize shared string heap.
Wed Dec 17 04:45:59 2008 :: SSM: defrag_heap: resulted in 0 merges.
Wed Dec 17 04:45:59 2008 :: current usage: 220, last checkpoint: 195
Wed Dec 17 04:45:59 2008 :: SSM dups: 3444, loops: 174906464, recent: 4244
Wed Dec 17 04:45:59 2008 :: [*****] FILE: ../data/objects.bak LINE: 861
Wed Dec 17 04:45:59 2008 :: [*****] BUG: Alarm_handler: Not checkpointed recently, aborting!


