Wed Dec 17 04:46:45 2008 :: Reading Area Files...
Wed Dec 17 04:46:45 2008 :: Loading web data.
Wed Dec 17 04:46:45 2008 :: Loading Building Table....
Wed Dec 17 04:46:45 2008 :: Loading ../data/building_table.txt

Wed Dec 17 04:46:45 2008 :: Buildings: 138
Wed Dec 17 04:46:45 2008 :: Loading Wilderness....
Wed Dec 17 04:46:45 2008 :: Loading ../data/map.txt

Wed Dec 17 04:46:45 2008 :: Creating Special Maps....
Wed Dec 17 04:46:45 2008 :: Loading Buildings....
Wed Dec 17 04:46:45 2008 :: Loading ../data/buildings.txt

Wed Dec 17 04:46:45 2008 :: Loading Objects....
Wed Dec 17 04:46:45 2008 :: Loading ../data/objects.lst

Wed Dec 17 04:46:45 2008 :: Loading High Scores....
Wed Dec 17 04:46:45 2008 :: Loading ../data/scores.txt

Wed Dec 17 04:46:45 2008 :: [*****] FILE: ../data/scores.txt LINE: 74
Wed Dec 17 04:46:45 2008 :: [*****] BUG: SSM: The shared string heap is full!
Wed Dec 17 04:46:45 2008 :: Loading ../data/ranks.txt

Wed Dec 17 04:46:45 2008 :: Loading alliances....
Wed Dec 17 04:46:45 2008 :: Loading ../data/alliances.txt

Wed Dec 17 04:46:45 2008 :: Loading changes.
Wed Dec 17 04:46:45 2008 :: Loading logs.
Wed Dec 17 04:46:45 2008 :: Creating item load list....
Wed Dec 17 04:46:45 2008 :: Loading Disabled Commands...
Wed Dec 17 04:46:45 2008 :: Loading Multiplay list....
Wed Dec 17 04:46:45 2008 :: Loading ../data/multiplay.txt

Wed Dec 17 04:46:45 2008 :: Loading quotes.
Wed Dec 17 04:46:45 2008 :: Loading ../data/quotes.txt

Wed Dec 17 04:46:45 2008 :: Loading banned sites.
Wed Dec 17 04:46:45 2008 :: Loading ../data/bans.lst

Wed Dec 17 04:46:45 2008 :: Done Loading ../data/bans.lst
Wed Dec 17 04:46:45 2008 :: Loading Relevel Info.
Wed Dec 17 04:46:45 2008 :: Loading imm brands.
Wed Dec 17 04:46:45 2008 :: Loading System Data.
Wed Dec 17 04:46:45 2008 :: Loading vehicles...
Wed Dec 17 04:46:45 2008 :: Loading ../data/vehicles.txt

Wed Dec 17 04:46:45 2008 :: ACK! MUD is ready on port 6660.
Used 1 user CPU seconds.
Wed Dec 17 04:46:47 2008 :: Loading ../data/objects.bak

Wed Dec 17 04:46:47 2008 :: SSM: Attempting to optimize shared string heap.
Wed Dec 17 04:46:47 2008 :: SSM: defrag_heap: made 1 block merges.
Wed Dec 17 05:18:20 2008 :: Loading ../data/objects.bak

Wed Dec 17 05:18:20 2008 :: SSM: Attempting to optimize shared string heap.
Wed Dec 17 05:18:20 2008 :: SSM: defrag_heap: resulted in 0 merges.
Wed Dec 17 05:50:03 2008 :: Loading ../data/objects.bak

Wed Dec 17 05:50:03 2008 :: SSM: Attempting to optimize shared string heap.
Wed Dec 17 05:50:03 2008 :: SSM: defrag_heap: made 1 block merges.
Wed Dec 17 06:21:46 2008 :: Loading ../data/objects.bak

Wed Dec 17 06:21:46 2008 :: SSM: Attempting to optimize shared string heap.
Wed Dec 17 06:21:46 2008 :: SSM: defrag_heap: made 1 block merges.
Wed Dec 17 06:53:28 2008 :: Loading ../data/objects.bak

Wed Dec 17 06:53:28 2008 :: SSM: Attempting to optimize shared string heap.
Wed Dec 17 06:53:28 2008 :: SSM: defrag_heap: made 1 block merges.
Wed Dec 17 07:25:09 2008 :: Loading ../data/objects.bak

Wed Dec 17 07:25:09 2008 :: SSM: Attempting to optimize shared string heap.
Wed Dec 17 07:25:09 2008 :: SSM: defrag_heap: resulted in 0 merges.
Wed Dec 17 07:25:09 2008 :: current usage: 181, last checkpoint: 165
Wed Dec 17 07:25:09 2008 :: SSM dups: 2149, loops: 111936708, recent: 25389
Wed Dec 17 07:25:09 2008 :: [*****] FILE: ../data/objects.bak LINE: 538
Wed Dec 17 07:25:09 2008 :: [*****] BUG: Alarm_handler: Not checkpointed recently, aborting!


