Wed Dec 17 07:25:45 2008 :: Reading Area Files...
Wed Dec 17 07:25:45 2008 :: Loading web data.
Wed Dec 17 07:25:45 2008 :: Loading Building Table....
Wed Dec 17 07:25:45 2008 :: Loading ../data/building_table.txt

Wed Dec 17 07:25:45 2008 :: Buildings: 138
Wed Dec 17 07:25:45 2008 :: Loading Wilderness....
Wed Dec 17 07:25:45 2008 :: Loading ../data/map.txt

Wed Dec 17 07:25:45 2008 :: Creating Special Maps....
Wed Dec 17 07:25:45 2008 :: Loading Buildings....
Wed Dec 17 07:25:45 2008 :: Loading ../data/buildings.txt

Wed Dec 17 07:25:45 2008 :: Loading Objects....
Wed Dec 17 07:25:45 2008 :: Loading ../data/objects.lst

Wed Dec 17 07:25:45 2008 :: [*****] FILE: ../data/objects.lst LINE: 21495
Wed Dec 17 07:25:45 2008 :: [*****] BUG: SSM: The shared string heap is full!
Wed Dec 17 07:25:45 2008 :: SSM: Attempting to optimize shared string heap.
Wed Dec 17 07:25:45 2008 :: SSM: defrag_heap: made 1 block merges.
Wed Dec 17 07:25:45 2008 :: Loading High Scores....
Wed Dec 17 07:25:45 2008 :: Loading ../data/scores.txt

Wed Dec 17 07:25:45 2008 :: Loading ../data/ranks.txt

Wed Dec 17 07:25:45 2008 :: Loading alliances....
Wed Dec 17 07:25:45 2008 :: Loading ../data/alliances.txt

Wed Dec 17 07:25:45 2008 :: Loading changes.
Wed Dec 17 07:25:45 2008 :: Loading logs.
Wed Dec 17 07:25:45 2008 :: Creating item load list....
Wed Dec 17 07:25:45 2008 :: Loading Disabled Commands...
Wed Dec 17 07:25:45 2008 :: Loading Multiplay list....
Wed Dec 17 07:25:45 2008 :: Loading ../data/multiplay.txt

Wed Dec 17 07:25:45 2008 :: Loading quotes.
Wed Dec 17 07:25:45 2008 :: Loading ../data/quotes.txt

Wed Dec 17 07:25:45 2008 :: Loading banned sites.
Wed Dec 17 07:25:45 2008 :: Loading ../data/bans.lst

Wed Dec 17 07:25:45 2008 :: Done Loading ../data/bans.lst
Wed Dec 17 07:25:45 2008 :: Loading Relevel Info.
Wed Dec 17 07:25:45 2008 :: Loading imm brands.
Wed Dec 17 07:25:45 2008 :: Loading System Data.
Wed Dec 17 07:25:45 2008 :: Loading vehicles...
Wed Dec 17 07:25:45 2008 :: Loading ../data/vehicles.txt

Wed Dec 17 07:25:45 2008 :: ACK! MUD is ready on port 6660.
Used 1 user CPU seconds.
Wed Dec 17 07:25:48 2008 :: Loading ../data/objects.bak

Wed Dec 17 07:57:34 2008 :: Loading ../data/objects.bak

Wed Dec 17 08:29:17 2008 :: Loading ../data/objects.bak

Wed Dec 17 09:01:01 2008 :: Loading ../data/objects.bak

Wed Dec 17 09:32:52 2008 :: Loading ../data/objects.bak

Wed Dec 17 10:04:44 2008 :: Loading ../data/objects.bak

Wed Dec 17 10:36:35 2008 :: Loading ../data/objects.bak

Wed Dec 17 11:08:27 2008 :: Loading ../data/objects.bak

Wed Dec 17 11:40:25 2008 :: Loading ../data/objects.bak

Wed Dec 17 12:12:26 2008 :: Loading ../data/objects.bak

Wed Dec 17 12:44:24 2008 :: Loading ../data/objects.bak

Wed Dec 17 13:16:26 2008 :: Loading ../data/objects.bak

Wed Dec 17 13:48:31 2008 :: Loading ../data/objects.bak

Wed Dec 17 14:20:38 2008 :: Loading ../data/objects.bak

Wed Dec 17 14:52:44 2008 :: Loading ../data/objects.bak

Wed Dec 17 15:24:54 2008 :: Loading ../data/objects.bak

Wed Dec 17 15:57:06 2008 :: Loading ../data/objects.bak

Wed Dec 17 16:29:22 2008 :: Loading ../data/objects.bak

Wed Dec 17 17:01:35 2008 :: Loading ../data/objects.bak

Wed Dec 17 17:33:53 2008 :: Loading ../data/objects.bak

Wed Dec 17 18:06:14 2008 :: Loading ../data/objects.bak

Wed Dec 17 18:38:33 2008 :: Loading ../data/objects.bak

Wed Dec 17 19:10:54 2008 :: Loading ../data/objects.bak

Wed Dec 17 19:43:21 2008 :: Loading ../data/objects.bak

Wed Dec 17 20:15:48 2008 :: Loading ../data/objects.bak

Wed Dec 17 20:48:15 2008 :: Loading ../data/objects.bak

Wed Dec 17 21:20:44 2008 :: Loading ../data/objects.bak

Wed Dec 17 21:27:17 2008 :: Sock.sinaddr:  70.110.176.107 (50044)
Wed Dec 17 21:27:20 2008 :: Site Name: 70.110.176.107.
Wed Dec 17 21:27:20 2008 :: Grave logged on from IP 70.110.176.107
Wed Dec 17 21:53:19 2008 :: Loading ../data/objects.bak

Wed Dec 17 22:25:56 2008 :: Loading ../data/objects.bak

Wed Dec 17 22:35:39 2008 :: Sock.sinaddr:  71.218.39.55 (2268)
Wed Dec 17 22:36:05 2008 :: Site Name: 71.218.39.55.
Wed Dec 17 22:36:05 2008 :: Fydan logged on from IP 71.218.39.55
Wed Dec 17 22:50:19 2008 :: SSM: Attempting to optimize shared string heap.
Wed Dec 17 22:50:19 2008 :: SSM: defrag_heap: resulted in 0 merges.
Wed Dec 17 22:58:30 2008 :: Loading ../data/objects.bak

Wed Dec 17 22:58:30 2008 :: SSM: Attempting to optimize shared string heap.
Wed Dec 17 22:58:30 2008 :: SSM: defrag_heap: resulted in 0 merges.
Wed Dec 17 23:03:21 2008 :: Fydan has left Assault: High Tech War!
Wed Dec 17 23:20:44 2008 :: Grave has left Assault: High Tech War!
Wed Dec 17 23:31:14 2008 :: Loading ../data/objects.bak

Wed Dec 17 23:31:14 2008 :: SSM: Attempting to optimize shared string heap.
Wed Dec 17 23:31:14 2008 :: SSM: defrag_heap: resulted in 0 merges.
Wed Dec 17 23:31:14 2008 :: current usage: 2081, last checkpoint: 2054
Wed Dec 17 23:31:14 2008 :: SSM dups: 2456, loops: 181685634, recent: 63723
Wed Dec 17 23:31:14 2008 :: [*****] FILE: ../data/objects.bak LINE: 614
Wed Dec 17 23:31:14 2008 :: [*****] BUG: Alarm_handler: Not checkpointed recently, aborting!


