Mon Dec 22 22:37:26 2008 :: Reading Area Files...
Mon Dec 22 22:37:26 2008 :: Loading web data.
Mon Dec 22 22:37:26 2008 :: Loading Building Table....
Mon Dec 22 22:37:26 2008 :: Loading ../data/building_table.txt

Mon Dec 22 22:37:26 2008 :: Buildings: 138
Mon Dec 22 22:37:26 2008 :: Loading Wilderness....
Mon Dec 22 22:37:26 2008 :: Loading ../data/map.txt

Mon Dec 22 22:37:26 2008 :: Creating Special Maps....
Mon Dec 22 22:37:26 2008 :: Loading Buildings....
Mon Dec 22 22:37:26 2008 :: Loading ../data/buildings.txt

Mon Dec 22 22:37:26 2008 :: Loading Objects....
Mon Dec 22 22:37:26 2008 :: Loading ../data/objects.lst

Mon Dec 22 22:37:26 2008 :: [*****] FILE: ../data/objects.lst LINE: 21471
Mon Dec 22 22:37:26 2008 :: [*****] BUG: SSM: The shared string heap is full!
Mon Dec 22 22:37:26 2008 :: SSM: Attempting to optimize shared string heap.
Mon Dec 22 22:37:26 2008 :: SSM: defrag_heap: made 1 block merges.
Mon Dec 22 22:37:26 2008 :: Loading High Scores....
Mon Dec 22 22:37:26 2008 :: Loading ../data/scores.txt

Mon Dec 22 22:37:26 2008 :: Loading ../data/ranks.txt

Mon Dec 22 22:37:26 2008 :: Loading alliances....
Mon Dec 22 22:37:26 2008 :: Loading ../data/alliances.txt

Mon Dec 22 22:37:26 2008 :: Loading changes.
Mon Dec 22 22:37:26 2008 :: Loading logs.
Mon Dec 22 22:37:26 2008 :: Creating item load list....
Mon Dec 22 22:37:26 2008 :: Loading Disabled Commands...
Mon Dec 22 22:37:26 2008 :: Loading Multiplay list....
Mon Dec 22 22:37:26 2008 :: Loading ../data/multiplay.txt

Mon Dec 22 22:37:26 2008 :: Loading quotes.
Mon Dec 22 22:37:26 2008 :: Loading ../data/quotes.txt

Mon Dec 22 22:37:26 2008 :: Loading banned sites.
Mon Dec 22 22:37:26 2008 :: Loading ../data/bans.lst

Mon Dec 22 22:37:26 2008 :: Done Loading ../data/bans.lst
Mon Dec 22 22:37:26 2008 :: Loading Relevel Info.
Mon Dec 22 22:37:26 2008 :: Loading imm brands.
Mon Dec 22 22:37:26 2008 :: Loading System Data.
Mon Dec 22 22:37:26 2008 :: Loading vehicles...
Mon Dec 22 22:37:26 2008 :: Loading ../data/vehicles.txt

Mon Dec 22 22:37:26 2008 :: ACK! MUD is ready on port 6660.
Mon Dec 22 22:37:33 2008 :: Sock.sinaddr:  192.168.1.1 (4738)
Used 4 user CPU seconds.
Mon Dec 22 22:37:33 2008 :: Loading ../data/objects.bak

Mon Dec 22 22:37:41 2008 :: Site Name: 192.168.1.1.
Mon Dec 22 22:37:41 2008 :: Demortes connected from 192.168.1.1 ( last login was from 24.117.106.222 ) !
Mon Dec 22 22:37:41 2008 :: Demortes logged on from IP 192.168.1.1
Mon Dec 22 22:37:51 2008 :: Log Demortes: oload board
Mon Dec 22 23:04:36 2008 :: Demortes has left Assault: High Tech War!
Mon Dec 22 23:10:15 2008 :: Loading ../data/objects.bak

Mon Dec 22 23:42:56 2008 :: Loading ../data/objects.bak

Tue Dec 23 00:15:41 2008 :: Loading ../data/objects.bak

Tue Dec 23 00:48:29 2008 :: Loading ../data/objects.bak

Tue Dec 23 01:21:15 2008 :: Loading ../data/objects.bak

Tue Dec 23 01:54:05 2008 :: Loading ../data/objects.bak

Tue Dec 23 02:26:58 2008 :: Loading ../data/objects.bak

Tue Dec 23 02:59:55 2008 :: Loading ../data/objects.bak

Tue Dec 23 03:32:49 2008 :: Loading ../data/objects.bak

Tue Dec 23 04:05:46 2008 :: Loading ../data/objects.bak

Tue Dec 23 04:38:49 2008 :: Loading ../data/objects.bak

Tue Dec 23 05:11:51 2008 :: Loading ../data/objects.bak

Tue Dec 23 05:44:52 2008 :: Loading ../data/objects.bak

Tue Dec 23 06:17:57 2008 :: Loading ../data/objects.bak

Tue Dec 23 06:51:08 2008 :: Loading ../data/objects.bak

Tue Dec 23 07:24:21 2008 :: Loading ../data/objects.bak

Tue Dec 23 07:57:29 2008 :: Loading ../data/objects.bak

Tue Dec 23 08:30:44 2008 :: Loading ../data/objects.bak

Tue Dec 23 09:03:59 2008 :: Loading ../data/objects.bak

Tue Dec 23 09:37:14 2008 :: Loading ../data/objects.bak

Tue Dec 23 10:10:32 2008 :: Loading ../data/objects.bak

Tue Dec 23 10:43:54 2008 :: Loading ../data/objects.bak

Tue Dec 23 11:17:17 2008 :: Loading ../data/objects.bak

Tue Dec 23 11:50:40 2008 :: Loading ../data/objects.bak

Tue Dec 23 12:24:06 2008 :: Loading ../data/objects.bak

Tue Dec 23 12:57:35 2008 :: Loading ../data/objects.bak

Tue Dec 23 13:31:11 2008 :: Loading ../data/objects.bak

Tue Dec 23 14:04:46 2008 :: Loading ../data/objects.bak

Tue Dec 23 14:38:23 2008 :: Loading ../data/objects.bak

Tue Dec 23 15:12:04 2008 :: Loading ../data/objects.bak

Tue Dec 23 15:45:49 2008 :: Loading ../data/objects.bak

Tue Dec 23 16:19:35 2008 :: Loading ../data/objects.bak

Tue Dec 23 16:53:26 2008 :: Loading ../data/objects.bak

Tue Dec 23 17:27:18 2008 :: Loading ../data/objects.bak

Tue Dec 23 18:01:13 2008 :: Loading ../data/objects.bak

Tue Dec 23 18:35:10 2008 :: Loading ../data/objects.bak

Tue Dec 23 19:09:12 2008 :: Loading ../data/objects.bak

Tue Dec 23 19:43:16 2008 :: Loading ../data/objects.bak

Tue Dec 23 20:17:23 2008 :: Loading ../data/objects.bak

Tue Dec 23 20:51:33 2008 :: Loading ../data/objects.bak

Tue Dec 23 21:25:46 2008 :: Loading ../data/objects.bak

Tue Dec 23 22:00:02 2008 :: Loading ../data/objects.bak

Tue Dec 23 22:34:22 2008 :: Loading ../data/objects.bak

Tue Dec 23 23:08:44 2008 :: Loading ../data/objects.bak

Tue Dec 23 23:43:09 2008 :: Loading ../data/objects.bak

Wed Dec 24 00:17:37 2008 :: Loading ../data/objects.bak

Wed Dec 24 00:52:09 2008 :: Loading ../data/objects.bak

Wed Dec 24 01:26:43 2008 :: Loading ../data/objects.bak

Wed Dec 24 02:01:20 2008 :: Loading ../data/objects.bak

Wed Dec 24 02:35:58 2008 :: Loading ../data/objects.bak

Wed Dec 24 03:10:39 2008 :: Loading ../data/objects.bak

Wed Dec 24 03:45:26 2008 :: Loading ../data/objects.bak

Wed Dec 24 04:20:14 2008 :: Loading ../data/objects.bak

Wed Dec 24 04:55:06 2008 :: Loading ../data/objects.bak

Wed Dec 24 05:29:59 2008 :: Loading ../data/objects.bak

Wed Dec 24 06:04:59 2008 :: Loading ../data/objects.bak

Wed Dec 24 06:39:57 2008 :: Loading ../data/objects.bak

Wed Dec 24 07:15:07 2008 :: Loading ../data/objects.bak

Wed Dec 24 07:50:14 2008 :: Loading ../data/objects.bak

Wed Dec 24 08:25:22 2008 :: Loading ../data/objects.bak

Wed Dec 24 09:00:34 2008 :: Loading ../data/objects.bak

Wed Dec 24 09:35:51 2008 :: Loading ../data/objects.bak

Wed Dec 24 10:11:12 2008 :: Loading ../data/objects.bak

Wed Dec 24 10:46:31 2008 :: Loading ../data/objects.bak

Wed Dec 24 11:21:51 2008 :: Loading ../data/objects.bak

Wed Dec 24 11:57:13 2008 :: Loading ../data/objects.bak

Wed Dec 24 12:32:41 2008 :: Loading ../data/objects.bak

Wed Dec 24 13:08:11 2008 :: Loading ../data/objects.bak

Wed Dec 24 13:43:44 2008 :: Loading ../data/objects.bak

Wed Dec 24 14:19:18 2008 :: Loading ../data/objects.bak

Wed Dec 24 14:54:59 2008 :: Loading ../data/objects.bak

Wed Dec 24 15:30:41 2008 :: Loading ../data/objects.bak

Wed Dec 24 16:06:25 2008 :: Loading ../data/objects.bak

Wed Dec 24 16:42:12 2008 :: Loading ../data/objects.bak

Wed Dec 24 17:18:01 2008 :: Loading ../data/objects.bak

Wed Dec 24 17:53:55 2008 :: Loading ../data/objects.bak

Wed Dec 24 18:29:52 2008 :: Loading ../data/objects.bak

Wed Dec 24 19:05:49 2008 :: Loading ../data/objects.bak

Wed Dec 24 19:41:49 2008 :: Loading ../data/objects.bak

Wed Dec 24 20:17:51 2008 :: Loading ../data/objects.bak

Wed Dec 24 20:53:58 2008 :: Loading ../data/objects.bak

Wed Dec 24 21:30:11 2008 :: Loading ../data/objects.bak

Wed Dec 24 21:52:40 2008 :: Sock.sinaddr:  192.168.1.1 (2190)
Wed Dec 24 21:52:45 2008 :: Site Name: 192.168.1.1.
Wed Dec 24 21:52:45 2008 :: Demortes logged on from IP 192.168.1.1
Wed Dec 24 21:52:55 2008 :: Demortes has left Assault: High Tech War!
Wed Dec 24 22:06:24 2008 :: Loading ../data/objects.bak

Wed Dec 24 22:42:41 2008 :: Loading ../data/objects.bak

Wed Dec 24 23:19:05 2008 :: Loading ../data/objects.bak

Wed Dec 24 23:55:30 2008 :: Loading ../data/objects.bak

Thu Dec 25 00:31:57 2008 :: Loading ../data/objects.bak

Thu Dec 25 01:08:22 2008 :: Loading ../data/objects.bak

Thu Dec 25 01:44:58 2008 :: Loading ../data/objects.bak

Thu Dec 25 02:21:31 2008 :: Loading ../data/objects.bak

Thu Dec 25 02:58:06 2008 :: Loading ../data/objects.bak

Thu Dec 25 03:34:43 2008 :: Loading ../data/objects.bak

Thu Dec 25 04:11:28 2008 :: Loading ../data/objects.bak

Thu Dec 25 04:48:12 2008 :: Loading ../data/objects.bak

Thu Dec 25 05:25:02 2008 :: Loading ../data/objects.bak

Thu Dec 25 06:01:52 2008 :: Loading ../data/objects.bak

Thu Dec 25 06:38:52 2008 :: Loading ../data/objects.bak

Thu Dec 25 07:15:56 2008 :: Loading ../data/objects.bak

Thu Dec 25 07:52:59 2008 :: Loading ../data/objects.bak

Thu Dec 25 08:30:00 2008 :: Loading ../data/objects.bak

Thu Dec 25 09:07:20 2008 :: Loading ../data/objects.bak

Thu Dec 25 09:44:27 2008 :: Loading ../data/objects.bak

Thu Dec 25 10:21:40 2008 :: Loading ../data/objects.bak

Thu Dec 25 10:58:52 2008 :: Loading ../data/objects.bak

Thu Dec 25 11:36:21 2008 :: Loading ../data/objects.bak

Thu Dec 25 12:13:47 2008 :: Loading ../data/objects.bak

Thu Dec 25 12:51:19 2008 :: Loading ../data/objects.bak

Thu Dec 25 13:28:49 2008 :: Loading ../data/objects.bak

Thu Dec 25 14:06:28 2008 :: Loading ../data/objects.bak

Thu Dec 25 14:43:59 2008 :: Loading ../data/objects.bak

Thu Dec 25 15:21:40 2008 :: Loading ../data/objects.bak

Thu Dec 25 16:00:12 2008 :: Loading ../data/objects.bak

Thu Dec 25 16:27:28 2008 :: Sock.sinaddr:  192.168.1.1 (1480)
Thu Dec 25 16:27:33 2008 :: Site Name: 192.168.1.1.
Thu Dec 25 16:27:33 2008 :: Demortes logged on from IP 192.168.1.1
Thu Dec 25 16:28:36 2008 :: Demortes has left Assault: High Tech War!
Thu Dec 25 16:38:13 2008 :: Loading ../data/objects.bak

Thu Dec 25 17:15:58 2008 :: Loading ../data/objects.bak

Thu Dec 25 17:50:25 2008 :: Sock.sinaddr:  70.110.176.107 (50933)
Thu Dec 25 17:50:26 2008 :: Site Name: 70.110.176.107.
Thu Dec 25 17:50:26 2008 :: Grave logged on from IP 70.110.176.107
Thu Dec 25 17:50:56 2008 :: Log Grave: oload board
Thu Dec 25 17:54:06 2008 :: Loading ../data/objects.bak

Thu Dec 25 18:35:20 2008 :: Loading ../data/objects.bak

Thu Dec 25 19:26:50 2008 :: Loading ../data/objects.bak

Thu Dec 25 20:04:59 2008 :: Loading ../data/objects.bak

Thu Dec 25 21:58:54 2008 :: Loading ../data/objects.bak

Thu Dec 25 22:50:03 2008 :: Loading ../data/objects.bak

Thu Dec 25 23:19:05 2008 :: Grave has left Assault: High Tech War!
Thu Dec 25 23:38:48 2008 :: Loading ../data/objects.bak

Fri Dec 26 00:17:22 2008 :: Loading ../data/objects.bak

Fri Dec 26 01:05:00 2008 :: Loading ../data/objects.bak

Fri Dec 26 01:43:32 2008 :: Loading ../data/objects.bak

Fri Dec 26 02:37:13 2008 :: Loading ../data/objects.bak

Fri Dec 26 03:16:14 2008 :: Loading ../data/objects.bak

Fri Dec 26 04:41:19 2008 :: Loading ../data/objects.bak

Fri Dec 26 07:07:10 2008 :: Loading ../data/objects.bak

Fri Dec 26 11:30:31 2008 :: Loading ../data/objects.bak

Fri Dec 26 17:19:03 2008 :: Loading ../data/objects.bak

Sat Dec 27 01:59:15 2008 :: Loading ../data/objects.bak

Sat Dec 27 13:08:04 2008 :: Loading ../data/objects.bak

New_descriptor: getpeername: Transport endpoint is not connected
Write_to_descriptor: Broken pipe
Sat Dec 27 20:23:38 2008 :: Closing link to Grave.
Sun Dec 28 08:08:03 2008 :: Loading ../data/objects.bak

Sun Dec 28 16:01:59 2008 :: Loading ../data/objects.bak

