Sat Jan  3 16:01:54 2009 :: Reading Area Files...
Sat Jan  3 16:01:54 2009 :: Loading web data.
Sat Jan  3 16:01:54 2009 :: Loading Building Table....
Sat Jan  3 16:01:54 2009 :: Loading ../data/building_table.txt

Sat Jan  3 16:01:54 2009 :: Buildings: 138
Sat Jan  3 16:01:54 2009 :: Loading Wilderness....
Sat Jan  3 16:01:54 2009 :: Loading ../data/map.txt

Sat Jan  3 16:01:54 2009 :: Creating Special Maps....
Sat Jan  3 16:01:54 2009 :: Loading Buildings....
Sat Jan  3 16:01:54 2009 :: Loading ../data/buildings.txt

Sat Jan  3 16:01:54 2009 :: Loading Objects....
Sat Jan  3 16:01:54 2009 :: Loading ../data/objects.lst

Sat Jan  3 16:01:54 2009 :: Loading High Scores....
Sat Jan  3 16:01:54 2009 :: Loading ../data/scores.txt

Sat Jan  3 16:01:54 2009 :: Loading ../data/ranks.txt

Sat Jan  3 16:01:54 2009 :: Loading alliances....
Sat Jan  3 16:01:54 2009 :: Loading ../data/alliances.txt

Sat Jan  3 16:01:54 2009 :: Loading changes.
Sat Jan  3 16:01:54 2009 :: Loading logs.
Sat Jan  3 16:01:54 2009 :: Creating item load list....
Sat Jan  3 16:01:54 2009 :: Loading Disabled Commands...
Sat Jan  3 16:01:54 2009 :: Loading Multiplay list....
Sat Jan  3 16:01:54 2009 :: Loading ../data/multiplay.txt

Sat Jan  3 16:01:54 2009 :: Loading quotes.
Sat Jan  3 16:01:54 2009 :: Loading ../data/quotes.txt

Sat Jan  3 16:01:54 2009 :: Loading banned sites.
Sat Jan  3 16:01:54 2009 :: Loading ../data/bans.lst

Sat Jan  3 16:01:54 2009 :: Done Loading ../data/bans.lst
Sat Jan  3 16:01:54 2009 :: Loading Relevel Info.
Sat Jan  3 16:01:54 2009 :: Loading imm brands.
Sat Jan  3 16:01:54 2009 :: Loading System Data.
Sat Jan  3 16:01:54 2009 :: Loading vehicles...
Sat Jan  3 16:01:54 2009 :: Loading ../data/vehicles.txt

Sat Jan  3 16:01:54 2009 :: ACK! MUD is ready on port 6660.
Used 0 user CPU seconds.
Sat Jan  3 16:01:55 2009 :: Loading ../data/objects.bak

Sat Jan  3 16:01:58 2009 :: Sock.sinaddr:  127.0.0.1 (44057)
Sat Jan  3 16:02:01 2009 :: Site Name: 127.0.0.1.
Sat Jan  3 16:02:01 2009 :: Demortes connected from 127.0.0.1 ( last login was from 192.168.1.1 ) !
Sat Jan  3 16:02:01 2009 :: Demortes logged on from IP 127.0.0.1
Sat Jan  3 16:02:10 2009 :: [*****] BUG: create_object: vnum 1500 bad type 34.
Sat Jan  3 16:02:10 2009 :: [*****] BUG: create_object: vnum 1501 bad type 34.
Sat Jan  3 16:02:24 2009 :: [*****] BUG: create_object: vnum 1500 bad type 34.
Sat Jan  3 16:02:24 2009 :: [*****] BUG: create_object: vnum 1501 bad type 34.
Sat Jan  3 16:02:44 2009 :: Demortes has left Assault: High Tech War!
