Sat Jan  3 16:04:28 2009 :: Reading Area Files...
Sat Jan  3 16:04:28 2009 :: Loading web data.
Sat Jan  3 16:04:28 2009 :: Loading Building Table....
Sat Jan  3 16:04:28 2009 :: Loading ../data/building_table.txt

Sat Jan  3 16:04:28 2009 :: Buildings: 138
Sat Jan  3 16:04:28 2009 :: Loading Wilderness....
Sat Jan  3 16:04:28 2009 :: Loading ../data/map.txt

Sat Jan  3 16:04:28 2009 :: Creating Special Maps....
Sat Jan  3 16:04:28 2009 :: Loading Buildings....
Sat Jan  3 16:04:28 2009 :: Loading ../data/buildings.txt

Sat Jan  3 16:04:28 2009 :: Loading Objects....
Sat Jan  3 16:04:28 2009 :: Loading ../data/objects.lst

Sat Jan  3 16:04:28 2009 :: Loading High Scores....
Sat Jan  3 16:04:28 2009 :: Loading ../data/scores.txt

Sat Jan  3 16:04:28 2009 :: Loading ../data/ranks.txt

Sat Jan  3 16:04:28 2009 :: Loading alliances....
Sat Jan  3 16:04:28 2009 :: Loading ../data/alliances.txt

Sat Jan  3 16:04:28 2009 :: Loading changes.
Sat Jan  3 16:04:28 2009 :: Loading logs.
Sat Jan  3 16:04:28 2009 :: Creating item load list....
Sat Jan  3 16:04:28 2009 :: Loading Disabled Commands...
Sat Jan  3 16:04:28 2009 :: Loading Multiplay list....
Sat Jan  3 16:04:28 2009 :: Loading ../data/multiplay.txt

Sat Jan  3 16:04:28 2009 :: Loading quotes.
Sat Jan  3 16:04:28 2009 :: Loading ../data/quotes.txt

Sat Jan  3 16:04:28 2009 :: Loading banned sites.
Sat Jan  3 16:04:28 2009 :: Loading ../data/bans.lst

Sat Jan  3 16:04:28 2009 :: Done Loading ../data/bans.lst
Sat Jan  3 16:04:28 2009 :: Loading Relevel Info.
Sat Jan  3 16:04:28 2009 :: Loading imm brands.
Sat Jan  3 16:04:28 2009 :: Loading System Data.
Sat Jan  3 16:04:28 2009 :: Loading vehicles...
Sat Jan  3 16:04:28 2009 :: Loading ../data/vehicles.txt

Sat Jan  3 16:04:28 2009 :: ACK! MUD is ready on port 6660.
Used 0 user CPU seconds.
Sat Jan  3 16:04:29 2009 :: Loading ../data/objects.bak

Sat Jan  3 16:04:29 2009 :: [*****] FILE: ../data/objects.bak LINE: 7484
Sat Jan  3 16:04:29 2009 :: [*****] BUG: SSM: The shared string heap is full!
Sat Jan  3 16:04:29 2009 :: SSM: Attempting to optimize shared string heap.
Sat Jan  3 16:04:29 2009 :: SSM: defrag_heap: made 1 block merges.
Sat Jan  3 16:04:46 2009 :: Sock.sinaddr:  127.0.0.1 (44059)
Sat Jan  3 16:04:51 2009 :: Closing link to Demortes.
Sat Jan  3 16:04:52 2009 :: Sock.sinaddr:  127.0.0.1 (44060)
Sat Jan  3 16:04:54 2009 :: Site Name: 127.0.0.1.
Sat Jan  3 16:04:54 2009 :: Demortes logged on from IP 127.0.0.1
Sat Jan  3 16:05:06 2009 :: Log Demortes: oload board
Sat Jan  3 16:05:08 2009 :: SSM: Attempting to optimize shared string heap.
Sat Jan  3 16:05:08 2009 :: SSM: defrag_heap: made 31351 block merges.
Sat Jan  3 16:06:13 2009 :: Demortes has left Assault: High Tech War!
Sat Jan  3 16:15:23 2009 :: Sock.sinaddr:  74.34.11.180 (61935)
Sat Jan  3 16:15:30 2009 :: Closing link to Trelane.
Sat Jan  3 16:15:33 2009 :: Sock.sinaddr:  74.34.11.180 (61936)
Sat Jan  3 16:15:38 2009 :: Site Name: 74.34.11.180.
Sat Jan  3 16:15:38 2009 :: Trelane logged on from IP 74.34.11.180
Sat Jan  3 16:35:54 2009 :: Loading ../data/objects.bak

Sat Jan  3 16:35:54 2009 :: SSM: Attempting to optimize shared string heap.
Sat Jan  3 16:35:54 2009 :: SSM: defrag_heap: made 11 block merges.
Sat Jan  3 17:07:13 2009 :: Loading ../data/objects.bak

Sat Jan  3 17:07:13 2009 :: SSM: Attempting to optimize shared string heap.
Sat Jan  3 17:07:13 2009 :: SSM: defrag_heap: made 15213 block merges.
Read_from_descriptor: Connection timed out
Sat Jan  3 17:16:49 2009 :: Closing link to Trelane.
Sat Jan  3 17:38:36 2009 :: Loading ../data/objects.bak

Sat Jan  3 17:38:36 2009 :: SSM: Attempting to optimize shared string heap.
Sat Jan  3 17:38:36 2009 :: SSM: defrag_heap: made 6913 block merges.
Sat Jan  3 18:10:02 2009 :: Loading ../data/objects.bak

Sat Jan  3 18:10:02 2009 :: SSM: Attempting to optimize shared string heap.
Sat Jan  3 18:10:02 2009 :: SSM: defrag_heap: made 3003 block merges.
Sat Jan  3 18:41:27 2009 :: Loading ../data/objects.bak

Sat Jan  3 18:41:27 2009 :: SSM: Attempting to optimize shared string heap.
Sat Jan  3 18:41:27 2009 :: SSM: defrag_heap: made 934 block merges.
Sat Jan  3 19:12:53 2009 :: Loading ../data/objects.bak

Sat Jan  3 19:12:53 2009 :: SSM: Attempting to optimize shared string heap.
Sat Jan  3 19:12:53 2009 :: SSM: defrag_heap: made 131 block merges.
Sat Jan  3 19:44:24 2009 :: Loading ../data/objects.bak

Sat Jan  3 19:44:24 2009 :: SSM: Attempting to optimize shared string heap.
Sat Jan  3 19:44:24 2009 :: SSM: defrag_heap: made 25 block merges.
Sat Jan  3 20:15:57 2009 :: Loading ../data/objects.bak

Sat Jan  3 20:15:57 2009 :: SSM: Attempting to optimize shared string heap.
Sat Jan  3 20:15:57 2009 :: SSM: defrag_heap: made 2 block merges.
Sat Jan  3 20:47:31 2009 :: Loading ../data/objects.bak

Sat Jan  3 20:47:31 2009 :: SSM: Attempting to optimize shared string heap.
Sat Jan  3 20:47:31 2009 :: SSM: defrag_heap: made 5 block merges.
Sat Jan  3 21:19:05 2009 :: Loading ../data/objects.bak

Sat Jan  3 21:19:05 2009 :: SSM: Attempting to optimize shared string heap.
Sat Jan  3 21:19:05 2009 :: SSM: defrag_heap: made 1 block merges.
Sat Jan  3 21:50:43 2009 :: Loading ../data/objects.bak

Sat Jan  3 21:50:43 2009 :: SSM: Attempting to optimize shared string heap.
Sat Jan  3 21:50:43 2009 :: SSM: defrag_heap: made 2 block merges.
Sat Jan  3 22:22:23 2009 :: Loading ../data/objects.bak

Sat Jan  3 22:22:23 2009 :: SSM: Attempting to optimize shared string heap.
Sat Jan  3 22:22:23 2009 :: SSM: defrag_heap: made 1 block merges.
Sat Jan  3 22:54:03 2009 :: Loading ../data/objects.bak

Sat Jan  3 22:54:03 2009 :: SSM: Attempting to optimize shared string heap.
Sat Jan  3 22:54:03 2009 :: SSM: defrag_heap: made 1 block merges.
Sat Jan  3 23:25:44 2009 :: Loading ../data/objects.bak

Sat Jan  3 23:25:44 2009 :: SSM: Attempting to optimize shared string heap.
Sat Jan  3 23:25:44 2009 :: SSM: defrag_heap: resulted in 0 merges.
Sat Jan  3 23:25:44 2009 :: current usage: 400, last checkpoint: 372
Sat Jan  3 23:25:44 2009 :: SSM dups: 3695, loops: 191932732, recent: 49139
Sat Jan  3 23:25:44 2009 :: [*****] FILE: ../data/objects.bak LINE: 924
Sat Jan  3 23:25:44 2009 :: [*****] BUG: Alarm_handler: Not checkpointed recently, aborting!


