Sat Jan 17 19:15:22 2009 :: Reading Area Files...
Sat Jan 17 19:15:22 2009 :: Loading web data.
Sat Jan 17 19:15:22 2009 :: Loading Building Table....
Sat Jan 17 19:15:22 2009 :: Loading ../data/building_table.txt

Sat Jan 17 19:15:22 2009 :: Buildings: 138
Sat Jan 17 19:15:22 2009 :: Loading Wilderness....
Sat Jan 17 19:15:22 2009 :: Loading ../data/map.txt

Sat Jan 17 19:15:22 2009 :: Creating Special Maps....
Sat Jan 17 19:15:22 2009 :: Loading Buildings....
Sat Jan 17 19:15:22 2009 :: Loading ../data/buildings.txt

Sat Jan 17 19:15:22 2009 :: Loading Objects....
Sat Jan 17 19:15:22 2009 :: Loading ../data/objects.lst

Sat Jan 17 19:15:22 2009 :: [*****] FILE: ../data/objects.lst LINE: 21460
Sat Jan 17 19:15:22 2009 :: [*****] BUG: SSM: The shared string heap is full!
Sat Jan 17 19:15:22 2009 :: SSM: Attempting to optimize shared string heap.
Sat Jan 17 19:15:22 2009 :: SSM: defrag_heap: made 1 block merges.
Sat Jan 17 19:15:22 2009 :: Loading High Scores....
Sat Jan 17 19:15:22 2009 :: Loading ../data/scores.txt

Sat Jan 17 19:15:22 2009 :: Loading ../data/ranks.txt

Sat Jan 17 19:15:22 2009 :: Loading alliances....
Sat Jan 17 19:15:22 2009 :: Loading ../data/alliances.txt

Sat Jan 17 19:15:22 2009 :: Loading changes.
Sat Jan 17 19:15:22 2009 :: Loading logs.
Sat Jan 17 19:15:22 2009 :: Creating item load list....
Sat Jan 17 19:15:22 2009 :: Loading Disabled Commands...
Sat Jan 17 19:15:22 2009 :: Loading Multiplay list....
Sat Jan 17 19:15:22 2009 :: Loading ../data/multiplay.txt

Sat Jan 17 19:15:22 2009 :: Loading quotes.
Sat Jan 17 19:15:22 2009 :: Loading ../data/quotes.txt

Sat Jan 17 19:15:22 2009 :: Loading banned sites.
Sat Jan 17 19:15:22 2009 :: Loading ../data/bans.lst

Sat Jan 17 19:15:22 2009 :: Done Loading ../data/bans.lst
Sat Jan 17 19:15:22 2009 :: Loading Relevel Info.
Sat Jan 17 19:15:22 2009 :: Loading imm brands.
Sat Jan 17 19:15:22 2009 :: Loading System Data.
Sat Jan 17 19:15:22 2009 :: Loading vehicles...
Sat Jan 17 19:15:22 2009 :: Loading ../data/vehicles.txt

Sat Jan 17 19:15:22 2009 :: ACK! MUD is ready on port 6660.
Used 4 user CPU seconds.
Sat Jan 17 19:15:45 2009 :: Loading ../data/objects.bak

Sat Jan 17 19:48:38 2009 :: Loading ../data/objects.bak

Sat Jan 17 20:21:23 2009 :: Loading ../data/objects.bak

Sat Jan 17 20:54:11 2009 :: Loading ../data/objects.bak

Sat Jan 17 21:20:05 2009 :: Sock.sinaddr:  192.168.1.1 (57724)
Sat Jan 17 21:20:08 2009 :: Closing link to Demortes.
Sat Jan 17 21:20:10 2009 :: Sock.sinaddr:  192.168.1.1 (57726)
Sat Jan 17 21:20:13 2009 :: Site Name: 192.168.1.1.
Sat Jan 17 21:20:13 2009 :: Demortes logged on from IP 192.168.1.1
Sat Jan 17 21:20:19 2009 :: Log Demortes: oload board
Sat Jan 17 21:24:36 2009 :: Demortes has left Assault: High Tech War!
Sat Jan 17 21:26:56 2009 :: Loading ../data/objects.bak

Sat Jan 17 21:59:44 2009 :: Loading ../data/objects.bak

Sat Jan 17 22:32:37 2009 :: Loading ../data/objects.bak

Sat Jan 17 23:05:32 2009 :: Loading ../data/objects.bak

Sat Jan 17 23:38:25 2009 :: Loading ../data/objects.bak

Sun Jan 18 00:11:21 2009 :: Loading ../data/objects.bak

Sun Jan 18 00:44:22 2009 :: Loading ../data/objects.bak

Sun Jan 18 01:17:23 2009 :: Loading ../data/objects.bak

Sun Jan 18 01:50:24 2009 :: Loading ../data/objects.bak

Sun Jan 18 02:23:27 2009 :: Loading ../data/objects.bak

Sun Jan 18 02:56:39 2009 :: Loading ../data/objects.bak

Sun Jan 18 03:29:55 2009 :: Loading ../data/objects.bak

Sun Jan 18 04:03:04 2009 :: Loading ../data/objects.bak

Sun Jan 18 04:36:17 2009 :: Loading ../data/objects.bak

Sun Jan 18 05:09:33 2009 :: Loading ../data/objects.bak

Sun Jan 18 05:42:48 2009 :: Loading ../data/objects.bak

Sun Jan 18 06:16:05 2009 :: Loading ../data/objects.bak

Sun Jan 18 06:49:40 2009 :: Loading ../data/objects.bak

Sun Jan 18 07:23:04 2009 :: Loading ../data/objects.bak

Sun Jan 18 07:56:27 2009 :: Loading ../data/objects.bak

Sun Jan 18 08:29:52 2009 :: Loading ../data/objects.bak

Sun Jan 18 09:03:27 2009 :: Loading ../data/objects.bak

Sun Jan 18 09:36:59 2009 :: Loading ../data/objects.bak

Sun Jan 18 10:10:33 2009 :: Loading ../data/objects.bak

Sun Jan 18 10:44:10 2009 :: Loading ../data/objects.bak

Sun Jan 18 11:17:54 2009 :: Loading ../data/objects.bak

Sun Jan 18 11:51:38 2009 :: Loading ../data/objects.bak

Sun Jan 18 12:25:24 2009 :: Loading ../data/objects.bak

Sun Jan 18 12:59:16 2009 :: Loading ../data/objects.bak

Sun Jan 18 13:33:09 2009 :: Loading ../data/objects.bak

Sun Jan 18 14:07:07 2009 :: Loading ../data/objects.bak

Sun Jan 18 14:41:05 2009 :: Loading ../data/objects.bak

Sun Jan 18 15:15:08 2009 :: Loading ../data/objects.bak

Sun Jan 18 15:49:13 2009 :: Loading ../data/objects.bak

Sun Jan 18 16:23:21 2009 :: Loading ../data/objects.bak

Sun Jan 18 16:57:31 2009 :: Loading ../data/objects.bak

Sun Jan 18 17:31:47 2009 :: Loading ../data/objects.bak

Sun Jan 18 18:06:03 2009 :: Loading ../data/objects.bak

Sun Jan 18 18:40:22 2009 :: Loading ../data/objects.bak

Sun Jan 18 19:14:44 2009 :: Loading ../data/objects.bak

Sun Jan 18 19:49:12 2009 :: Loading ../data/objects.bak

Sun Jan 18 20:23:40 2009 :: Loading ../data/objects.bak

Sun Jan 18 20:58:10 2009 :: Loading ../data/objects.bak

Sun Jan 18 21:32:45 2009 :: Loading ../data/objects.bak

Sun Jan 18 22:07:22 2009 :: Loading ../data/objects.bak

Sun Jan 18 22:42:01 2009 :: Loading ../data/objects.bak

Sun Jan 18 23:16:43 2009 :: Loading ../data/objects.bak

Sun Jan 18 23:51:32 2009 :: Loading ../data/objects.bak

Mon Jan 19 00:26:21 2009 :: Loading ../data/objects.bak

Mon Jan 19 01:01:13 2009 :: Loading ../data/objects.bak

Mon Jan 19 01:36:07 2009 :: Loading ../data/objects.bak

Mon Jan 19 02:11:05 2009 :: Loading ../data/objects.bak

Mon Jan 19 02:46:05 2009 :: Loading ../data/objects.bak

Mon Jan 19 03:21:09 2009 :: Loading ../data/objects.bak

Mon Jan 19 03:56:15 2009 :: Loading ../data/objects.bak

Mon Jan 19 04:31:24 2009 :: Loading ../data/objects.bak

Mon Jan 19 05:06:36 2009 :: Loading ../data/objects.bak

Mon Jan 19 05:41:49 2009 :: Loading ../data/objects.bak

Mon Jan 19 06:17:07 2009 :: Loading ../data/objects.bak

Mon Jan 19 06:52:46 2009 :: Loading ../data/objects.bak

Mon Jan 19 07:28:09 2009 :: Loading ../data/objects.bak

Mon Jan 19 08:03:38 2009 :: Loading ../data/objects.bak

Mon Jan 19 08:39:07 2009 :: Loading ../data/objects.bak

Mon Jan 19 09:14:37 2009 :: Loading ../data/objects.bak

Mon Jan 19 09:50:10 2009 :: Loading ../data/objects.bak

Mon Jan 19 10:25:46 2009 :: Loading ../data/objects.bak

Mon Jan 19 11:01:26 2009 :: Loading ../data/objects.bak

Mon Jan 19 11:37:11 2009 :: Loading ../data/objects.bak

Mon Jan 19 12:12:54 2009 :: Loading ../data/objects.bak

Mon Jan 19 12:48:44 2009 :: Loading ../data/objects.bak

Mon Jan 19 13:24:37 2009 :: Loading ../data/objects.bak

Mon Jan 19 14:00:30 2009 :: Loading ../data/objects.bak

Mon Jan 19 14:36:26 2009 :: Loading ../data/objects.bak

Mon Jan 19 15:12:27 2009 :: Loading ../data/objects.bak

Mon Jan 19 15:48:29 2009 :: Loading ../data/objects.bak

Mon Jan 19 16:24:34 2009 :: Loading ../data/objects.bak

Mon Jan 19 17:00:40 2009 :: Loading ../data/objects.bak

Mon Jan 19 17:36:53 2009 :: Loading ../data/objects.bak

Mon Jan 19 18:13:05 2009 :: Loading ../data/objects.bak

Mon Jan 19 18:49:22 2009 :: Loading ../data/objects.bak

Mon Jan 19 19:25:43 2009 :: Loading ../data/objects.bak

Mon Jan 19 20:02:08 2009 :: Loading ../data/objects.bak

Mon Jan 19 20:38:35 2009 :: Loading ../data/objects.bak

Mon Jan 19 21:15:03 2009 :: Loading ../data/objects.bak

Mon Jan 19 21:51:37 2009 :: Loading ../data/objects.bak

Mon Jan 19 22:28:14 2009 :: Loading ../data/objects.bak

Mon Jan 19 23:04:50 2009 :: Loading ../data/objects.bak

Mon Jan 19 23:41:29 2009 :: Loading ../data/objects.bak

Tue Jan 20 00:18:15 2009 :: Loading ../data/objects.bak

Tue Jan 20 00:55:02 2009 :: Loading ../data/objects.bak

Tue Jan 20 01:31:54 2009 :: Loading ../data/objects.bak

Tue Jan 20 02:08:49 2009 :: Loading ../data/objects.bak

Tue Jan 20 02:45:46 2009 :: Loading ../data/objects.bak

Tue Jan 20 03:22:50 2009 :: Loading ../data/objects.bak

Tue Jan 20 03:59:54 2009 :: Loading ../data/objects.bak

Tue Jan 20 04:37:15 2009 :: Loading ../data/objects.bak

Tue Jan 20 05:14:22 2009 :: Loading ../data/objects.bak

Tue Jan 20 05:51:39 2009 :: Loading ../data/objects.bak

Tue Jan 20 06:28:51 2009 :: Loading ../data/objects.bak

Tue Jan 20 07:06:44 2009 :: Loading ../data/objects.bak

Tue Jan 20 07:44:05 2009 :: Loading ../data/objects.bak

Tue Jan 20 08:21:34 2009 :: Loading ../data/objects.bak

Tue Jan 20 08:58:58 2009 :: Loading ../data/objects.bak

Tue Jan 20 09:36:33 2009 :: Loading ../data/objects.bak

Tue Jan 20 10:14:04 2009 :: Loading ../data/objects.bak

Tue Jan 20 10:51:49 2009 :: Loading ../data/objects.bak

Tue Jan 20 11:29:27 2009 :: Loading ../data/objects.bak

Tue Jan 20 12:07:16 2009 :: Loading ../data/objects.bak

Tue Jan 20 12:45:04 2009 :: Loading ../data/objects.bak

Tue Jan 20 13:23:04 2009 :: Loading ../data/objects.bak

Tue Jan 20 14:00:57 2009 :: Loading ../data/objects.bak

Tue Jan 20 14:39:07 2009 :: Loading ../data/objects.bak

Tue Jan 20 15:17:11 2009 :: Loading ../data/objects.bak

Tue Jan 20 15:55:31 2009 :: Loading ../data/objects.bak

Tue Jan 20 16:33:39 2009 :: Loading ../data/objects.bak

Tue Jan 20 17:12:01 2009 :: Loading ../data/objects.bak

Tue Jan 20 17:50:16 2009 :: Loading ../data/objects.bak

Tue Jan 20 18:29:06 2009 :: Loading ../data/objects.bak

Tue Jan 20 19:07:31 2009 :: Loading ../data/objects.bak

Tue Jan 20 19:46:09 2009 :: Loading ../data/objects.bak

Tue Jan 20 20:24:45 2009 :: Loading ../data/objects.bak

Tue Jan 20 21:04:23 2009 :: Loading ../data/objects.bak

Tue Jan 20 21:43:31 2009 :: Loading ../data/objects.bak

Tue Jan 20 22:26:49 2009 :: Loading ../data/objects.bak

Tue Jan 20 23:09:00 2009 :: Loading ../data/objects.bak

Tue Jan 20 23:54:18 2009 :: Loading ../data/objects.bak

Wed Jan 21 00:36:58 2009 :: Loading ../data/objects.bak

Wed Jan 21 01:22:14 2009 :: Loading ../data/objects.bak

Wed Jan 21 02:11:58 2009 :: Loading ../data/objects.bak

Wed Jan 21 03:48:24 2009 :: Loading ../data/objects.bak

Wed Jan 21 04:47:31 2009 :: Loading ../data/objects.bak

Wed Jan 21 05:54:41 2009 :: Loading ../data/objects.bak

Wed Jan 21 07:50:55 2009 :: Loading ../data/objects.bak

Wed Jan 21 14:42:05 2009 :: Loading ../data/objects.bak

Wed Jan 21 16:11:12 2009 :: Loading ../data/objects.bak

Wed Jan 21 18:22:33 2009 :: Loading ../data/objects.bak

Wed Jan 21 20:05:12 2009 :: Loading ../data/objects.bak

