1319: old priority 0, new priority 0
2902: old priority 0, new priority 0
26950: old priority 0, new priority 0
./startup: line 48: 26952 Aborted                 (core dumped) ../src/ack $port >$logfile 2>&1
18029: old priority 0, new priority 0
31081: old priority 0, new priority 0
17920: old priority 0, new priority 0
./startup: line 48: 17922 Aborted                 (core dumped) ../src/ack $port >$logfile 2>&1
./startup: line 48:  3083 Aborted                 (core dumped) ../src/ack $port >$logfile 2>&1
./startup: line 48: 22986 Aborted                 (core dumped) ../src/ack $port >$logfile 2>&1
./startup: line 48:  8484 Segmentation fault      (core dumped) ../src/ack $port >$logfile 2>&1
./startup: line 48: 18118 Segmentation fault      (core dumped) ../src/ack $port >$logfile 2>&1
./startup: line 48: 18433 Segmentation fault      (core dumped) ../src/ack $port >$logfile 2>&1
./startup: line 48: 23394 Killed                  ../src/ack $port >$logfile 2>&1
./startup: line 48: 10952 Segmentation fault      (core dumped) ../src/ack $port >$logfile 2>&1
./startup: line 48: 21910 Segmentation fault      (core dumped) ../src/ack $port >$logfile 2>&1
./startup: line 48: 10999 Segmentation fault      (core dumped) ../src/ack $port >$logfile 2>&1
./startup: line 48: 12962 Aborted                 (core dumped) ../src/ack $port >$logfile 2>&1
./startup: line 48: 16041 Segmentation fault      (core dumped) ../src/ack $port >$logfile 2>&1
./startup: line 48: 17005 Segmentation fault      (core dumped) ../src/ack $port >$logfile 2>&1
./startup: line 48: 17068 Segmentation fault      (core dumped) ../src/ack $port >$logfile 2>&1
./startup: line 48: 19802 Segmentation fault      (core dumped) ../src/ack $port >$logfile 2>&1
./startup: line 48:  6894 Segmentation fault      (core dumped) ../src/ack $port >$logfile 2>&1
21204: old priority 0, new priority 0
./startup: line 48: 21206 Segmentation fault      (core dumped) ../src/ack $port > $logfile 2>&1
./startup: line 48: 21211 Terminated              sleep 20
./startup: line 48: 21221 Segmentation fault      (core dumped) ../src/ack $port > $logfile 2>&1
./startup: line 48: 21597 Segmentation fault      (core dumped) ../src/ack $port > $logfile 2>&1
./startup: line 48: 21689 Terminated              ../src/ack $port > $logfile 2>&1
./startup: line 48: 22348 Terminated              sleep 20
30313: old priority 0, new priority 0
./startup: line 48: 30315 Aborted                 (core dumped) ../src/ack $port > $logfile 2>&1
./startup: line 48:  5096 Aborted                 (core dumped) ../src/ack $port > $logfile 2>&1
./startup: line 48:  9154 Aborted                 (core dumped) ../src/ack $port > $logfile 2>&1
./startup: line 48:   524 Terminated              ../src/ack $port > $logfile 2>&1
./startup: line 48: 17890 Terminated              sleep 20
5986: old priority 0, new priority 0
31430: old priority 0, new priority 0
31701: old priority 0, new priority 0
31814: old priority 0, new priority 0
./startup: line 48: 31816 Aborted                 (core dumped) ../src/ack $port > $logfile 2>&1
6806: old priority 0, new priority 0
./startup: line 48:  6808 Terminated              ../src/ack $port > $logfile 2>&1
